<?xml version="1.0" encoding="UTF-8"?>
<testsuite xmlns:xsi="http://www.w3.org/2001/XMLSchema-instance" xsi:noNamespaceSchemaLocation="https://maven.apache.org/surefire/maven-surefire-plugin/xsd/surefire-test-report-3.0.xsd" version="3.0" name="com.ses.service.impl.NotificationServiceImplTest" time="0.287" tests="4" errors="0" skipped="0" failures="0">
  <properties>
[...]
</properties>
  <testcase name="testGetRecentNotifications_Empty" classname="com.ses.service.impl.NotificationServiceImplTest" time="0.23"/>
  <testcase name="testGetRecentNotifications_AiMatching" classname="com.ses.service.impl.NotificationServiceImplTest" time="0.02"/>
  <testcase name="testGetRecentNotifications_LimitAndSort" classname="com.ses.service.impl.NotificationServiceImplTest" time="0.014"/>
  <testcase name="testGetRecentNotifications_RetiringEngineer" classname="com.ses.service.impl.NotificationServiceImplTest" time="0.008"/>
</testsuite>